mode: set
github.com/ezrantn/memory/memory.go:24.26,30.2 1 1
github.com/ezrantn/memory/memory.go:33.48,41.38 5 1
github.com/ezrantn/memory/memory.go:41.38,42.53 1 1
github.com/ezrantn/memory/memory.go:42.53,45.4 2 1
github.com/ezrantn/memory/memory.go:48.2,48.22 1 1
github.com/ezrantn/memory/memory.go:48.22,50.3 1 1
github.com/ezrantn/memory/memory.go:52.2,57.27 4 1
github.com/ezrantn/memory/memory.go:57.27,62.3 1 1
github.com/ezrantn/memory/memory.go:62.8,64.3 1 0
github.com/ezrantn/memory/memory.go:66.2,66.19 1 1
github.com/ezrantn/memory/memory.go:70.49,72.16 2 1
github.com/ezrantn/memory/memory.go:72.16,74.3 1 0
github.com/ezrantn/memory/memory.go:77.2,77.28 1 1
github.com/ezrantn/memory/memory.go:77.28,79.3 1 1
github.com/ezrantn/memory/memory.go:81.2,81.18 1 1
github.com/ezrantn/memory/memory.go:85.40,90.13 4 1
github.com/ezrantn/memory/memory.go:90.13,92.3 1 1
github.com/ezrantn/memory/memory.go:94.2,97.12 4 1
github.com/ezrantn/memory/memory.go:101.39,102.29 1 1
github.com/ezrantn/memory/memory.go:102.29,104.3 1 0
github.com/ezrantn/memory/memory.go:107.2,107.48 1 1
github.com/ezrantn/memory/memory.go:107.48,109.3 1 1
github.com/ezrantn/memory/memory.go:112.2,113.42 2 1
github.com/ezrantn/memory/memory.go:113.42,117.41 3 1
github.com/ezrantn/memory/memory.go:117.41,120.4 1 1
github.com/ezrantn/memory/memory.go:120.9,122.4 1 1
github.com/ezrantn/memory/memory.go:125.2,125.27 1 1
github.com/ezrantn/memory/memory.go:128.56,133.13 4 1
github.com/ezrantn/memory/memory.go:133.13,135.3 1 0
github.com/ezrantn/memory/memory.go:137.2,137.22 1 1
github.com/ezrantn/memory/memory.go:137.22,139.3 1 1
github.com/ezrantn/memory/memory.go:141.2,143.20 3 1
github.com/ezrantn/memory/memory.go:146.54,151.13 4 1
github.com/ezrantn/memory/memory.go:151.13,153.3 1 0
github.com/ezrantn/memory/memory.go:155.2,155.27 1 1
github.com/ezrantn/memory/memory.go:155.27,157.3 1 1
github.com/ezrantn/memory/memory.go:159.2,160.12 2 1
